[0m[1mdata.aws_route53_zone.main: Reading...[0m[0m
[0m[1mdata.aws_ami.amazon_linux: Reading...[0m[0m
[0m[1mdata.aws_vpc.default: Reading...[0m[0m
[0m[1maws_db_parameter_group.vsl_platform: Refreshing state... [id=vsl-platform-pg-params][0m
[0m[1mdata.aws_ami.amazon_linux: Read complete after 1s [id=ami-08aa6f1b507946be5][0m
[0m[1mdata.aws_vpc.default: Read complete after 1s [id=vpc-0ad7832efde2480f3][0m
[0m[1mdata.aws_subnets.default: Reading...[0m[0m
[0m[1maws_security_group.ec2: Refreshing state... [id=sg-01d6e65602f4f43c8][0m
[0m[1mdata.aws_subnets.default: Read complete after 0s [id=ap-southeast-1][0m
[0m[1maws_db_subnet_group.vsl_platform: Refreshing state... [id=vsl-platform-db-subnet-group][0m
[0m[1mdata.aws_subnet.default["subnet-07d2c88e0a44e56c4"]: Reading...[0m[0m
[0m[1mdata.aws_subnet.default["subnet-034150710601b56d0"]: Reading...[0m[0m
[0m[1mdata.aws_subnet.default["subnet-0523981faacf17fbd"]: Reading...[0m[0m
[0m[1maws_security_group.rds: Refreshing state... [id=sg-094c22da8aa2da23d][0m
[0m[1mdata.aws_subnet.default["subnet-034150710601b56d0"]: Read complete after 1s [id=subnet-034150710601b56d0][0m
[0m[1mdata.aws_subnet.default["subnet-0523981faacf17fbd"]: Read complete after 1s [id=subnet-0523981faacf17fbd][0m
[0m[1mdata.aws_subnet.default["subnet-07d2c88e0a44e56c4"]: Read complete after 1s [id=subnet-07d2c88e0a44e56c4][0m
[0m[1mdata.aws_route53_zone.main: Read complete after 4s [id=Z10047393DMPT2DWI6BQ8][0m

Terraform used the selected providers to generate the following execution
plan. Resource actions are indicated with the following symbols:
  [32m+[0m create[0m

Terraform will perform the following actions:

[1m  # aws_db_instance.vsl_platform[0m will be created
[0m  [32m+[0m[0m resource "aws_db_instance" "vsl_platform" {
      [32m+[0m[0m address                               = (known after apply)
      [32m+[0m[0m allocated_storage                     = 20
      [32m+[0m[0m apply_immediately                     = false
      [32m+[0m[0m arn                                   = (known after apply)
      [32m+[0m[0m auto_minor_version_upgrade            = true
      [32m+[0m[0m availability_zone                     = (known after apply)
      [32m+[0m[0m backup_retention_period               = 1
      [32m+[0m[0m backup_target                         = (known after apply)
      [32m+[0m[0m backup_window                         = "03:00-04:00"
      [32m+[0m[0m ca_cert_identifier                    = (known after apply)
      [32m+[0m[0m character_set_name                    = (known after apply)
      [32m+[0m[0m copy_tags_to_snapshot                 = false
      [32m+[0m[0m database_insights_mode                = (known after apply)
      [32m+[0m[0m db_name                               = "vsl_db"
      [32m+[0m[0m db_subnet_group_name                  = "vsl-platform-db-subnet-group"
      [32m+[0m[0m dedicated_log_volume                  = false
      [32m+[0m[0m delete_automated_backups              = true
      [32m+[0m[0m deletion_protection                   = false
      [32m+[0m[0m domain_fqdn                           = (known after apply)
      [32m+[0m[0m endpoint                              = (known after apply)
      [32m+[0m[0m engine                                = "postgres"
      [32m+[0m[0m engine_lifecycle_support              = (known after apply)
      [32m+[0m[0m engine_version                        = "16"
      [32m+[0m[0m engine_version_actual                 = (known after apply)
      [32m+[0m[0m hosted_zone_id                        = (known after apply)
      [32m+[0m[0m id                                    = (known after apply)
      [32m+[0m[0m identifier                            = "vsl-platform-db"
      [32m+[0m[0m identifier_prefix                     = (known after apply)
      [32m+[0m[0m instance_class                        = "db.t3.micro"
      [32m+[0m[0m iops                                  = (known after apply)
      [32m+[0m[0m kms_key_id                            = (known after apply)
      [32m+[0m[0m latest_restorable_time                = (known after apply)
      [32m+[0m[0m license_model                         = (known after apply)
      [32m+[0m[0m listener_endpoint                     = (known after apply)
      [32m+[0m[0m maintenance_window                    = "mon:04:00-mon:05:00"
      [32m+[0m[0m master_user_secret                    = (known after apply)
      [32m+[0m[0m master_user_secret_kms_key_id         = (known after apply)
      [32m+[0m[0m max_allocated_storage                 = 20
      [32m+[0m[0m monitoring_interval                   = 0
      [32m+[0m[0m monitoring_role_arn                   = (known after apply)
      [32m+[0m[0m multi_az                              = false
      [32m+[0m[0m nchar_character_set_name              = (known after apply)
      [32m+[0m[0m network_type                          = (known after apply)
      [32m+[0m[0m option_group_name                     = (known after apply)
      [32m+[0m[0m parameter_group_name                  = "vsl-platform-pg-params"
      [32m+[0m[0m password                              = (sensitive value)
      [32m+[0m[0m password_wo                           = (write-only attribute)
      [32m+[0m[0m performance_insights_enabled          = false
      [32m+[0m[0m performance_insights_kms_key_id       = (known after apply)
      [32m+[0m[0m performance_insights_retention_period = (known after apply)
      [32m+[0m[0m port                                  = (known after apply)
      [32m+[0m[0m publicly_accessible                   = true
      [32m+[0m[0m replica_mode                          = (known after apply)
      [32m+[0m[0m replicas                              = (known after apply)
      [32m+[0m[0m resource_id                           = (known after apply)
      [32m+[0m[0m skip_final_snapshot                   = true
      [32m+[0m[0m snapshot_identifier                   = (known after apply)
      [32m+[0m[0m status                                = (known after apply)
      [32m+[0m[0m storage_encrypted                     = true
      [32m+[0m[0m storage_throughput                    = (known after apply)
      [32m+[0m[0m storage_type                          = "gp3"
      [32m+[0m[0m tags                                  = {
          [32m+[0m[0m "Name" = "vsl-platform-rds"
        }
      [32m+[0m[0m tags_all                              = {
          [32m+[0m[0m "Environment" = "production"
          [32m+[0m[0m "ManagedBy"   = "Terraform"
          [32m+[0m[0m "Name"        = "vsl-platform-rds"
          [32m+[0m[0m "Project"     = "VSL-Platform"
        }
      [32m+[0m[0m timezone                              = (known after apply)
      [32m+[0m[0m username                              = "postgres"
      [32m+[0m[0m vpc_security_group_ids                = [
          [32m+[0m[0m "sg-094c22da8aa2da23d",
        ]
    }

[1m  # aws_eip.vsl_platform[0m will be created
[0m  [32m+[0m[0m resource "aws_eip" "vsl_platform" {
      [32m+[0m[0m allocation_id        = (known after apply)
      [32m+[0m[0m arn                  = (known after apply)
      [32m+[0m[0m association_id       = (known after apply)
      [32m+[0m[0m carrier_ip           = (known after apply)
      [32m+[0m[0m customer_owned_ip    = (known after apply)
      [32m+[0m[0m domain               = "vpc"
      [32m+[0m[0m id                   = (known after apply)
      [32m+[0m[0m instance             = (known after apply)
      [32m+[0m[0m ipam_pool_id         = (known after apply)
      [32m+[0m[0m network_border_group = (known after apply)
      [32m+[0m[0m network_interface    = (known after apply)
      [32m+[0m[0m private_dns          = (known after apply)
      [32m+[0m[0m private_ip           = (known after apply)
      [32m+[0m[0m ptr_record           = (known after apply)
      [32m+[0m[0m public_dns           = (known after apply)
      [32m+[0m[0m public_ip            = (known after apply)
      [32m+[0m[0m public_ipv4_pool     = (known after apply)
      [32m+[0m[0m tags                 = {
          [32m+[0m[0m "Name" = "vsl-platform-eip"
        }
      [32m+[0m[0m tags_all             = {
          [32m+[0m[0m "Environment" = "production"
          [32m+[0m[0m "ManagedBy"   = "Terraform"
          [32m+[0m[0m "Name"        = "vsl-platform-eip"
          [32m+[0m[0m "Project"     = "VSL-Platform"
        }
      [32m+[0m[0m vpc                  = (known after apply)
    }

[1m  # aws_instance.vsl_platform[0m will be created
[0m  [32m+[0m[0m resource "aws_instance" "vsl_platform" {
      [32m+[0m[0m ami                                  = "ami-08aa6f1b507946be5"
      [32m+[0m[0m arn                                  = (known after apply)
      [32m+[0m[0m associate_public_ip_address          = true
      [32m+[0m[0m availability_zone                    = (known after apply)
      [32m+[0m[0m cpu_core_count                       = (known after apply)
      [32m+[0m[0m cpu_threads_per_core                 = (known after apply)
      [32m+[0m[0m disable_api_stop                     = (known after apply)
      [32m+[0m[0m disable_api_termination              = (known after apply)
      [32m+[0m[0m ebs_optimized                        = (known after apply)
      [32m+[0m[0m enable_primary_ipv6                  = (known after apply)
      [32m+[0m[0m get_password_data                    = false
      [32m+[0m[0m host_id                              = (known after apply)
      [32m+[0m[0m host_resource_group_arn              = (known after apply)
      [32m+[0m[0m iam_instance_profile                 = (known after apply)
      [32m+[0m[0m id                                   = (known after apply)
      [32m+[0m[0m instance_initiated_shutdown_behavior = (known after apply)
      [32m+[0m[0m instance_lifecycle                   = (known after apply)
      [32m+[0m[0m instance_state                       = (known after apply)
      [32m+[0m[0m instance_type                        = "t3.micro"
      [32m+[0m[0m ipv6_address_count                   = (known after apply)
      [32m+[0m[0m ipv6_addresses                       = (known after apply)
      [32m+[0m[0m key_name                             = "vsl-platform-key"
      [32m+[0m[0m monitoring                           = (known after apply)
      [32m+[0m[0m outpost_arn                          = (known after apply)
      [32m+[0m[0m password_data                        = (known after apply)
      [32m+[0m[0m placement_group                      = (known after apply)
      [32m+[0m[0m placement_partition_number           = (known after apply)
      [32m+[0m[0m primary_network_interface_id         = (known after apply)
      [32m+[0m[0m private_dns                          = (known after apply)
      [32m+[0m[0m private_ip                           = (known after apply)
      [32m+[0m[0m public_dns                           = (known after apply)
      [32m+[0m[0m public_ip                            = (known after apply)
      [32m+[0m[0m secondary_private_ips                = (known after apply)
      [32m+[0m[0m security_groups                      = (known after apply)
      [32m+[0m[0m source_dest_check                    = true
      [32m+[0m[0m spot_instance_request_id             = (known after apply)
      [32m+[0m[0m subnet_id                            = "subnet-034150710601b56d0"
      [32m+[0m[0m tags                                 = {
          [32m+[0m[0m "Name" = "vsl-platform-ec2"
        }
      [32m+[0m[0m tags_all                             = {
          [32m+[0m[0m "Environment" = "production"
          [32m+[0m[0m "ManagedBy"   = "Terraform"
          [32m+[0m[0m "Name"        = "vsl-platform-ec2"
          [32m+[0m[0m "Project"     = "VSL-Platform"
        }
      [32m+[0m[0m tenancy                              = (known after apply)
      [32m+[0m[0m user_data                            = "c349dc327a04edd2d733456d849af5e85cdb3390"
      [32m+[0m[0m user_data_base64                     = (known after apply)
      [32m+[0m[0m user_data_replace_on_change          = false
      [32m+[0m[0m vpc_security_group_ids               = [
          [32m+[0m[0m "sg-01d6e65602f4f43c8",
        ]

      [32m+[0m[0m capacity_reservation_specification (known after apply)

      [32m+[0m[0m cpu_options (known after apply)

      [32m+[0m[0m ebs_block_device (known after apply)

      [32m+[0m[0m enclave_options (known after apply)

      [32m+[0m[0m ephemeral_block_device (known after apply)

      [32m+[0m[0m instance_market_options (known after apply)

      [32m+[0m[0m maintenance_options (known after apply)

      [32m+[0m[0m metadata_options (known after apply)

      [32m+[0m[0m network_interface (known after apply)

      [32m+[0m[0m private_dns_name_options (known after apply)

      [32m+[0m[0m root_block_device {
          [32m+[0m[0m delete_on_termination = true
          [32m+[0m[0m device_name           = (known after apply)
          [32m+[0m[0m encrypted             = true
          [32m+[0m[0m iops                  = (known after apply)
          [32m+[0m[0m kms_key_id            = (known after apply)
          [32m+[0m[0m tags_all              = (known after apply)
          [32m+[0m[0m throughput            = (known after apply)
          [32m+[0m[0m volume_id             = (known after apply)
          [32m+[0m[0m volume_size           = 30
          [32m+[0m[0m volume_type           = "gp3"
        }
    }

[1m  # aws_key_pair.vsl_platform[0m will be created
[0m  [32m+[0m[0m resource "aws_key_pair" "vsl_platform" {
      [32m+[0m[0m arn             = (known after apply)
      [32m+[0m[0m fingerprint     = (known after apply)
      [32m+[0m[0m id              = (known after apply)
      [32m+[0m[0m key_name        = "vsl-platform-key"
      [32m+[0m[0m key_name_prefix = (known after apply)
      [32m+[0m[0m key_pair_id     = (known after apply)
      [32m+[0m[0m key_type        = (known after apply)
      [32m+[0m[0m public_key      = (sensitive value)
      [32m+[0m[0m tags            = {
          [32m+[0m[0m "Name" = "vsl-platform-key"
        }
      [32m+[0m[0m tags_all        = {
          [32m+[0m[0m "Environment" = "production"
          [32m+[0m[0m "ManagedBy"   = "Terraform"
          [32m+[0m[0m "Name"        = "vsl-platform-key"
          [32m+[0m[0m "Project"     = "VSL-Platform"
        }
    }

[1m  # aws_route53_record.api[0m will be created
[0m  [32m+[0m[0m resource "aws_route53_record" "api" {
      [32m+[0m[0m allow_overwrite = (known after apply)
      [32m+[0m[0m fqdn            = (known after apply)
      [32m+[0m[0m id              = (known after apply)
      [32m+[0m[0m name            = "api.canhnq.online"
      [32m+[0m[0m records         = (known after apply)
      [32m+[0m[0m ttl             = 300
      [32m+[0m[0m type            = "A"
      [32m+[0m[0m zone_id         = "Z10047393DMPT2DWI6BQ8"
    }

[1m  # aws_route53_record.main[0m will be created
[0m  [32m+[0m[0m resource "aws_route53_record" "main" {
      [32m+[0m[0m allow_overwrite = (known after apply)
      [32m+[0m[0m fqdn            = (known after apply)
      [32m+[0m[0m id              = (known after apply)
      [32m+[0m[0m name            = "canhnq.online"
      [32m+[0m[0m records         = (known after apply)
      [32m+[0m[0m ttl             = 300
      [32m+[0m[0m type            = "A"
      [32m+[0m[0m zone_id         = "Z10047393DMPT2DWI6BQ8"
    }

[1m  # aws_route53_record.www[0m will be created
[0m  [32m+[0m[0m resource "aws_route53_record" "www" {
      [32m+[0m[0m allow_overwrite = (known after apply)
      [32m+[0m[0m fqdn            = (known after apply)
      [32m+[0m[0m id              = (known after apply)
      [32m+[0m[0m name            = "www.canhnq.online"
      [32m+[0m[0m records         = (known after apply)
      [32m+[0m[0m ttl             = 300
      [32m+[0m[0m type            = "A"
      [32m+[0m[0m zone_id         = "Z10047393DMPT2DWI6BQ8"
    }

[1mPlan:[0m [0m7 to add, 0 to change, 0 to destroy.

Changes to Outputs:
  [32m+[0m[0m ec2_instance_id       = (known after apply)
  [32m+[0m[0m ec2_public_dns        = (known after apply)
  [32m+[0m[0m ec2_public_ip         = (known after apply)
  [32m+[0m[0m rds_address           = (known after apply)
  [32m+[0m[0m rds_connection_string = (sensitive value)
  [32m+[0m[0m rds_endpoint          = (known after apply)
  [32m+[0m[0m rds_port              = (known after apply)
  [32m+[0m[0m ssh_command           = (known after apply)
[0m[1maws_key_pair.vsl_platform: Creating...[0m[0m
[0m[1maws_db_instance.vsl_platform: Creating...[0m[0m
[0m[1maws_key_pair.vsl_platform: Creation complete after 0s [id=vsl-platform-key][0m
[0m[1maws_instance.vsl_platform: Creating...[0m[0m
[0m[1maws_db_instance.vsl_platform: Still creating... [00m10s elapsed][0m[0m
[0m[1maws_instance.vsl_platform: Still creating... [00m10s elapsed][0m[0m
[0m[1maws_instance.vsl_platform: Creation complete after 14s [id=i-00737d3b746147394][0m
[0m[1maws_eip.vsl_platform: Creating...[0m[0m
[0m[1maws_eip.vsl_platform: Creation complete after 2s [id=eipalloc-0f22e4e5b5d58eec3][0m
[0m[1maws_route53_record.www: Creating...[0m[0m
[0m[1maws_route53_record.api: Creating...[0m[0m
[0m[1maws_route53_record.main: Creating...[0m[0m
[0m[1maws_db_instance.vsl_platform: Still creating... [00m20s elapsed][0m[0m
[0m[1maws_route53_record.main: Still creating... [00m10s elapsed][0m[0m
[0m[1maws_route53_record.api: Still creating... [00m10s elapsed][0m[0m
[0m[1maws_route53_record.www: Still creating... [00m10s elapsed][0m[0m
[0m[1maws_db_instance.vsl_platform: Still creating... [00m30s elapsed][0m[0m
[0m[1maws_route53_record.www: Still creating... [00m20s elapsed][0m[0m
[0m[1maws_route53_record.api: Still creating... [00m20s elapsed][0m[0m
[0m[1maws_route53_record.main: Still creating... [00m20s elapsed][0m[0m
[0m[1maws_db_instance.vsl_platform: Still creating... [00m40s elapsed][0m[0m
[0m[1maws_route53_record.api: Still creating... [00m30s elapsed][0m[0m
[0m[1maws_route53_record.www: Still creating... [00m30s elapsed][0m[0m
[0m[1maws_route53_record.main: Still creating... [00m30s elapsed][0m[0m
[0m[1maws_db_instance.vsl_platform: Still creating... [00m50s elapsed][0m[0m
[0m[1maws_route53_record.api: Creation complete after 37s [id=Z10047393DMPT2DWI6BQ8_api.canhnq.online_A][0m
[0m[1maws_route53_record.main: Creation complete after 37s [id=Z10047393DMPT2DWI6BQ8_canhnq.online_A][0m
[0m[1maws_route53_record.www: Creation complete after 38s [id=Z10047393DMPT2DWI6BQ8_www.canhnq.online_A][0m
[0m[1maws_db_instance.vsl_platform: Still creating... [01m00s elapsed][0m[0m
[0m[1maws_db_instance.vsl_platform: Still creating... [01m10s elapsed][0m[0m
[0m[1maws_db_instance.vsl_platform: Still creating... [01m20s elapsed][0m[0m
[0m[1maws_db_instance.vsl_platform: Still creating... [01m30s elapsed][0m[0m
[0m[1maws_db_instance.vsl_platform: Still creating... [01m40s elapsed][0m[0m
[0m[1maws_db_instance.vsl_platform: Still creating... [01m50s elapsed][0m[0m
[0m[1maws_db_instance.vsl_platform: Still creating... [02m00s elapsed][0m[0m
[0m[1maws_db_instance.vsl_platform: Still creating... [02m10s elapsed][0m[0m
[0m[1maws_db_instance.vsl_platform: Still creating... [02m20s elapsed][0m[0m
[0m[1maws_db_instance.vsl_platform: Still creating... [02m30s elapsed][0m[0m
[0m[1maws_db_instance.vsl_platform: Still creating... [02m40s elapsed][0m[0m
[0m[1maws_db_instance.vsl_platform: Still creating... [02m50s elapsed][0m[0m
[0m[1maws_db_instance.vsl_platform: Still creating... [03m00s elapsed][0m[0m
[0m[1maws_db_instance.vsl_platform: Still creating... [03m10s elapsed][0m[0m
[0m[1maws_db_instance.vsl_platform: Still creating... [03m20s elapsed][0m[0m
[0m[1maws_db_instance.vsl_platform: Still creating... [03m30s elapsed][0m[0m
[0m[1maws_db_instance.vsl_platform: Still creating... [03m40s elapsed][0m[0m
[0m[1maws_db_instance.vsl_platform: Still creating... [03m50s elapsed][0m[0m
[0m[1maws_db_instance.vsl_platform: Still creating... [04m00s elapsed][0m[0m
[0m[1maws_db_instance.vsl_platform: Still creating... [04m10s elapsed][0m[0m
[0m[1maws_db_instance.vsl_platform: Still creating... [04m20s elapsed][0m[0m
[0m[1maws_db_instance.vsl_platform: Still creating... [04m30s elapsed][0m[0m
[0m[1maws_db_instance.vsl_platform: Still creating... [04m40s elapsed][0m[0m
