[0m[1mdata.aws_route53_zone.main: Reading...[0m[0m
[0m[1mdata.aws_vpc.default: Reading...[0m[0m
[0m[1mdata.aws_ami.amazon_linux: Reading...[0m[0m
[0m[1maws_key_pair.vsl_platform: Refreshing state... [id=vsl-platform-key][0m
[0m[1maws_db_parameter_group.vsl_platform: Refreshing state... [id=vsl-platform-pg-params][0m
[0m[1mdata.aws_vpc.default: Read complete after 0s [id=vpc-0ad7832efde2480f3][0m
[0m[1mdata.aws_subnets.default: Reading...[0m[0m
[0m[1maws_security_group.ec2: Refreshing state... [id=sg-01d6e65602f4f43c8][0m
[0m[1mdata.aws_subnets.default: Read complete after 0s [id=ap-southeast-1][0m
[0m[1maws_db_subnet_group.vsl_platform: Refreshing state... [id=vsl-platform-db-subnet-group][0m
[0m[1mdata.aws_subnet.default["subnet-0523981faacf17fbd"]: Reading...[0m[0m
[0m[1mdata.aws_subnet.default["subnet-034150710601b56d0"]: Reading...[0m[0m
[0m[1mdata.aws_subnet.default["subnet-07d2c88e0a44e56c4"]: Reading...[0m[0m
[0m[1maws_security_group.rds: Refreshing state... [id=sg-094c22da8aa2da23d][0m
[0m[1mdata.aws_ami.amazon_linux: Read complete after 0s [id=ami-08aa6f1b507946be5][0m
[0m[1mdata.aws_subnet.default["subnet-034150710601b56d0"]: Read complete after 0s [id=subnet-034150710601b56d0][0m
[0m[1mdata.aws_subnet.default["subnet-07d2c88e0a44e56c4"]: Read complete after 1s [id=subnet-07d2c88e0a44e56c4][0m
[0m[1mdata.aws_subnet.default["subnet-0523981faacf17fbd"]: Read complete after 1s [id=subnet-0523981faacf17fbd][0m
[0m[1maws_instance.vsl_platform: Refreshing state... [id=i-00737d3b746147394][0m
[0m[1mdata.aws_route53_zone.main: Read complete after 2s [id=Z10047393DMPT2DWI6BQ8][0m
[0m[1maws_eip.vsl_platform: Refreshing state... [id=eipalloc-0f22e4e5b5d58eec3][0m
[0m[1maws_route53_record.api: Refreshing state... [id=Z10047393DMPT2DWI6BQ8_api.canhnq.online_A][0m
[0m[1maws_route53_record.main: Refreshing state... [id=Z10047393DMPT2DWI6BQ8_canhnq.online_A][0m
[0m[1maws_route53_record.www: Refreshing state... [id=Z10047393DMPT2DWI6BQ8_www.canhnq.online_A][0m

[1m[36mNote:[0m[1m Objects have changed outside of Terraform
[0m
Terraform detected the following changes made outside of Terraform since the
last "terraform apply" which may have affected this plan:

[1m  # aws_instance.vsl_platform[0m has changed
[0m  [33m~[0m[0m resource "aws_instance" "vsl_platform" {
        id                                   = "i-00737d3b746147394"
      [33m~[0m[0m public_dns                           = "ec2-18-142-238-144.ap-southeast-1.compute.amazonaws.com" [33m->[0m[0m "ec2-52-220-251-211.ap-southeast-1.compute.amazonaws.com"
        tags                                 = {
            "Name" = "vsl-platform-ec2"
        }
        [90m# (39 unchanged attributes hidden)[0m[0m

        [90m# (8 unchanged blocks hidden)[0m[0m
    }


Unless you have made equivalent changes to your configuration, or ignored the
relevant attributes using ignore_changes, the following plan may include
actions to undo or respond to these changes.
[90m
─────────────────────────────────────────────────────────────────────────────[0m

Terraform used the selected providers to generate the following execution
plan. Resource actions are indicated with the following symbols:
  [32m+[0m create[0m
  [33m~[0m update in-place[0m

Terraform will perform the following actions:

[1m  # aws_db_instance.vsl_platform[0m will be created
[0m  [32m+[0m[0m resource "aws_db_instance" "vsl_platform" {
      [32m+[0m[0m address                               = (known after apply)
      [32m+[0m[0m allocated_storage                     = 20
      [32m+[0m[0m apply_immediately                     = false
      [32m+[0m[0m arn                                   = (known after apply)
      [32m+[0m[0m auto_minor_version_upgrade            = true
      [32m+[0m[0m availability_zone                     = (known after apply)
      [32m+[0m[0m backup_retention_period               = 1
      [32m+[0m[0m backup_target                         = (known after apply)
      [32m+[0m[0m backup_window                         = "03:00-04:00"
      [32m+[0m[0m ca_cert_identifier                    = (known after apply)
      [32m+[0m[0m character_set_name                    = (known after apply)
      [32m+[0m[0m copy_tags_to_snapshot                 = false
      [32m+[0m[0m database_insights_mode                = (known after apply)
      [32m+[0m[0m db_name                               = "vsl_db"
      [32m+[0m[0m db_subnet_group_name                  = "vsl-platform-db-subnet-group"
      [32m+[0m[0m dedicated_log_volume                  = false
      [32m+[0m[0m delete_automated_backups              = true
      [32m+[0m[0m deletion_protection                   = false
      [32m+[0m[0m domain_fqdn                           = (known after apply)
      [32m+[0m[0m endpoint                              = (known after apply)
      [32m+[0m[0m engine                                = "postgres"
      [32m+[0m[0m engine_lifecycle_support              = (known after apply)
      [32m+[0m[0m engine_version                        = "16"
      [32m+[0m[0m engine_version_actual                 = (known after apply)
      [32m+[0m[0m hosted_zone_id                        = (known after apply)
      [32m+[0m[0m id                                    = (known after apply)
      [32m+[0m[0m identifier                            = "vsl-platform-db"
      [32m+[0m[0m identifier_prefix                     = (known after apply)
      [32m+[0m[0m instance_class                        = "db.t3.micro"
      [32m+[0m[0m iops                                  = (known after apply)
      [32m+[0m[0m kms_key_id                            = (known after apply)
      [32m+[0m[0m latest_restorable_time                = (known after apply)
      [32m+[0m[0m license_model                         = (known after apply)
      [32m+[0m[0m listener_endpoint                     = (known after apply)
      [32m+[0m[0m maintenance_window                    = "mon:04:00-mon:05:00"
      [32m+[0m[0m master_user_secret                    = (known after apply)
      [32m+[0m[0m master_user_secret_kms_key_id         = (known after apply)
      [32m+[0m[0m max_allocated_storage                 = 20
      [32m+[0m[0m monitoring_interval                   = 0
      [32m+[0m[0m monitoring_role_arn                   = (known after apply)
      [32m+[0m[0m multi_az                              = false
      [32m+[0m[0m nchar_character_set_name              = (known after apply)
      [32m+[0m[0m network_type                          = (known after apply)
      [32m+[0m[0m option_group_name                     = (known after apply)
      [32m+[0m[0m parameter_group_name                  = "vsl-platform-pg-params"
      [32m+[0m[0m password                              = (sensitive value)
      [32m+[0m[0m password_wo                           = (write-only attribute)
      [32m+[0m[0m performance_insights_enabled          = false
      [32m+[0m[0m performance_insights_kms_key_id       = (known after apply)
      [32m+[0m[0m performance_insights_retention_period = (known after apply)
      [32m+[0m[0m port                                  = (known after apply)
      [32m+[0m[0m publicly_accessible                   = true
      [32m+[0m[0m replica_mode                          = (known after apply)
      [32m+[0m[0m replicas                              = (known after apply)
      [32m+[0m[0m resource_id                           = (known after apply)
      [32m+[0m[0m skip_final_snapshot                   = true
      [32m+[0m[0m snapshot_identifier                   = (known after apply)
      [32m+[0m[0m status                                = (known after apply)
      [32m+[0m[0m storage_encrypted                     = true
      [32m+[0m[0m storage_throughput                    = (known after apply)
      [32m+[0m[0m storage_type                          = "gp3"
      [32m+[0m[0m tags                                  = {
          [32m+[0m[0m "Name" = "vsl-platform-rds"
        }
      [32m+[0m[0m tags_all                              = {
          [32m+[0m[0m "Environment" = "production"
          [32m+[0m[0m "ManagedBy"   = "Terraform"
          [32m+[0m[0m "Name"        = "vsl-platform-rds"
          [32m+[0m[0m "Project"     = "VSL-Platform"
        }
      [32m+[0m[0m timezone                              = (known after apply)
      [32m+[0m[0m username                              = "postgres"
      [32m+[0m[0m vpc_security_group_ids                = [
          [32m+[0m[0m "sg-094c22da8aa2da23d",
        ]
    }

[1m  # aws_instance.vsl_platform[0m will be updated in-place
[0m  [33m~[0m[0m resource "aws_instance" "vsl_platform" {
        id                                   = "i-00737d3b746147394"
      [33m~[0m[0m public_dns                           = "ec2-52-220-251-211.ap-southeast-1.compute.amazonaws.com" -> (known after apply)
      [33m~[0m[0m public_ip                            = "52.220.251.211" -> (known after apply)
        tags                                 = {
            "Name" = "vsl-platform-ec2"
        }
      [33m~[0m[0m user_data                            = "c349dc327a04edd2d733456d849af5e85cdb3390" [33m->[0m[0m "a97028a929f5b51d6d57ac15508d0ce487541a03"
        [90m# (37 unchanged attributes hidden)[0m[0m

        [90m# (8 unchanged blocks hidden)[0m[0m
    }

[1mPlan:[0m [0m1 to add, 1 to change, 0 to destroy.

Changes to Outputs:
  [33m~[0m[0m ec2_public_dns        = "ec2-18-142-238-144.ap-southeast-1.compute.amazonaws.com" -> (known after apply)
  [32m+[0m[0m rds_address           = (known after apply)
  [32m+[0m[0m rds_connection_string = (sensitive value)
  [32m+[0m[0m rds_endpoint          = (known after apply)
  [32m+[0m[0m rds_port              = (known after apply)
[0m[1maws_db_instance.vsl_platform: Creating...[0m[0m
[0m[1maws_instance.vsl_platform: Modifying... [id=i-00737d3b746147394][0m[0m
[0m[1maws_instance.vsl_platform: Still modifying... [id=i-00737d3b746147394, 00m10s elapsed][0m[0m
[0m[1maws_instance.vsl_platform: Still modifying... [id=i-00737d3b746147394, 00m20s elapsed][0m[0m
[0m[1maws_instance.vsl_platform: Still modifying... [id=i-00737d3b746147394, 00m30s elapsed][0m[0m
[0m[1maws_instance.vsl_platform: Still modifying... [id=i-00737d3b746147394, 00m40s elapsed][0m[0m
[0m[1maws_instance.vsl_platform: Still modifying... [id=i-00737d3b746147394, 00m50s elapsed][0m[0m
[0m[1maws_instance.vsl_platform: Still modifying... [id=i-00737d3b746147394, 01m00s elapsed][0m[0m
[0m[1maws_instance.vsl_platform: Still modifying... [id=i-00737d3b746147394, 01m10s elapsed][0m[0m
[0m[1maws_instance.vsl_platform: Still modifying... [id=i-00737d3b746147394, 01m20s elapsed][0m[0m
[0m[1maws_instance.vsl_platform: Modifications complete after 1m24s [id=i-00737d3b746147394][0m
[31m╷[0m[0m
[31m│[0m [0m[1m[31mError: [0m[0m[1mcreating RDS DB Instance (vsl-platform-db): operation error RDS: CreateDBInstance, https response error StatusCode: 400, RequestID: 174ab8d5-13f6-4ab2-8adc-4044125c7c66, DBInstanceAlreadyExists: DB instance already exists[0m
[31m│[0m [0m
[31m│[0m [0m[0m  with aws_db_instance.vsl_platform,
[31m│[0m [0m  on main.tf line 313, in resource "aws_db_instance" "vsl_platform":
[31m│[0m [0m 313: resource "aws_db_instance" "vsl_platform" [4m{[0m[0m
[31m│[0m [0m
[31m╵[0m[0m
